<?xml version="1.0" encoding="UTF-8"?>
<!-- Generated by org.testng.reporters.JUnitXMLReporter -->
<testsuite ignored="0" hostname="DESKTOP-4F545DN" failures="0" tests="5" name="Default test" time="8.43" errors="0" timestamp="2023-02-10T13:47:28 IST">
  <testcase classname="EC_Positive_TestCase.EC_OrderProduct_withSpec" name="getAccessToken" time="6.308"/>
  <testcase classname="EC_Positive_TestCase.EC_OrderProduct_withSpec" name="addProduct" time="0.876"/>
  <testcase classname="EC_Positive_TestCase.EC_OrderProduct_withSpec" name="placeOrder" time="0.53"/>
  <testcase classname="EC_Positive_TestCase.EC_OrderProduct_withSpec" name="viewOrderDetails" time="0.31"/>
  <testcase classname="EC_Positive_TestCase.EC_OrderProduct_withSpec" name="deleteProduct" time="0.245"/>
</testsuite> <!-- Default test -->
