<?xml version="1.0" encoding="UTF-8"?>
<!-- Generated by org.testng.reporters.JUnitXMLReporter -->
<testsuite ignored="0" hostname="DESKTOP-4F545DN" failures="0" tests="5" name="Test" time="6.512" errors="0" timestamp="2023-02-07T18:02:49 IST">
  <testcase classname="EC_Positive_TestCase.EC_OrderProduct_withSpec" name="getAccessToken" time="4.341"/>
  <testcase classname="EC_Positive_TestCase.EC_OrderProduct_withSpec" name="addProduct" time="0.647"/>
  <testcase classname="EC_Positive_TestCase.EC_OrderProduct_withSpec" name="placeOrder" time="0.382"/>
  <testcase classname="EC_Positive_TestCase.EC_OrderProduct_withSpec" name="viewOrderDetails" time="0.296"/>
  <testcase classname="EC_Positive_TestCase.EC_OrderProduct_withSpec" name="deleteProduct" time="0.217"/>
</testsuite> <!-- Test -->
