<?xml version="1.0" encoding="UTF-8"?>
<testng-results ignored="0" total="5" passed="5" failed="0" skipped="0">
  <reporter-output>
  </reporter-output>
  <suite started-at="2023-02-10T13:47:20 IST" name="Default suite" finished-at="2023-02-10T13:47:28 IST" duration-ms="8430">
    <groups>
    </groups>
    <test started-at="2023-02-10T13:47:20 IST" name="Default test" finished-at="2023-02-10T13:47:28 IST" duration-ms="8430">
      <class name="EC_Positive_TestCase.EC_OrderProduct_withSpec">
        <test-method signature="getAccessToken()[pri:0, instance:EC_Positive_TestCase.EC_OrderProduct_withSpec@51e69659]" started-at="2023-02-10T13:47:20 IST" name="getAccessToken" finished-at="2023-02-10T13:47:26 IST" duration-ms="6308" status="PASS">
          <reporter-output>
          </reporter-output>
        </test-method> <!-- getAccessToken -->
        <test-method signature="addProduct()[pri:1, instance:EC_Positive_TestCase.EC_OrderProduct_withSpec@51e69659]" started-at="2023-02-10T13:47:26 IST" name="addProduct" finished-at="2023-02-10T13:47:27 IST" duration-ms="876" status="PASS">
          <reporter-output>
          </reporter-output>
        </test-method> <!-- addProduct -->
        <test-method signature="placeOrder()[pri:2, instance:EC_Positive_TestCase.EC_OrderProduct_withSpec@51e69659]" started-at="2023-02-10T13:47:27 IST" name="placeOrder" finished-at="2023-02-10T13:47:28 IST" duration-ms="530" status="PASS">
          <reporter-output>
          </reporter-output>
        </test-method> <!-- placeOrder -->
        <test-method signature="viewOrderDetails()[pri:3, instance:EC_Positive_TestCase.EC_OrderProduct_withSpec@51e69659]" started-at="2023-02-10T13:47:28 IST" name="viewOrderDetails" finished-at="2023-02-10T13:47:28 IST" duration-ms="310" status="PASS">
          <reporter-output>
          </reporter-output>
        </test-method> <!-- viewOrderDetails -->
        <test-method signature="deleteProduct()[pri:4, instance:EC_Positive_TestCase.EC_OrderProduct_withSpec@51e69659]" started-at="2023-02-10T13:47:28 IST" name="deleteProduct" finished-at="2023-02-10T13:47:28 IST" duration-ms="245" status="PASS">
          <reporter-output>
          </reporter-output>
        </test-method> <!-- deleteProduct -->
      </class> <!-- EC_Positive_TestCase.EC_OrderProduct_withSpec -->
    </test> <!-- Default test -->
  </suite> <!-- Default suite -->
</testng-results>
